\BOOKMARK [0][-]{chapter*.3}{Abstract}{}% 1
\BOOKMARK [0][-]{chapter*.4}{Zusammenfassung}{}% 2
\BOOKMARK [0][-]{chapter*.6}{Abk\374rzungsverzeichnis}{}% 3
\BOOKMARK [0][-]{section*.7}{Abbildungsverzeichnis}{}% 4
\BOOKMARK [0][-]{section*.10}{Tabellenverzeichnis}{}% 5
\BOOKMARK [0][-]{section*.11}{Formelverzeichnis}{}% 6
\BOOKMARK [0][-]{chapter.1}{Einleitung}{}% 7
\BOOKMARK [0][-]{chapter.2}{Stand der Technik \046 Forschung}{}% 8
\BOOKMARK [1][-]{section.2.1}{Traveling Salesman Problem}{chapter.2}% 9
\BOOKMARK [1][-]{section.2.2}{Ant Colony Optimization}{chapter.2}% 10
\BOOKMARK [0][-]{chapter.3}{Konzeptionierung}{}% 11
\BOOKMARK [1][-]{section.3.1}{Software Engineering}{chapter.3}% 12
\BOOKMARK [2][-]{subsection.3.1.1}{Requirements Engineering}{section.3.1}% 13
\BOOKMARK [2][-]{subsection.3.1.2}{COCOMO}{section.3.1}% 14
\BOOKMARK [1][-]{section.3.2}{Architektur}{chapter.3}% 15
\BOOKMARK [2][-]{subsection.3.2.1}{Persistenz}{section.3.2}% 16
\BOOKMARK [2][-]{subsection.3.2.2}{Applikation}{section.3.2}% 17
\BOOKMARK [2][-]{subsection.3.2.3}{TSP}{section.3.2}% 18
\BOOKMARK [2][-]{subsection.3.2.4}{ACO}{section.3.2}% 19
\BOOKMARK [2][-]{subsection.3.2.5}{Arbeitsweise der Architektur}{section.3.2}% 20
\BOOKMARK [1][-]{section.3.3}{Umsetzung der SOLID-Prinzipien}{chapter.3}% 21
\BOOKMARK [2][-]{subsection.3.3.1}{Single Responsibility}{section.3.3}% 22
\BOOKMARK [2][-]{subsection.3.3.2}{Open / Closed}{section.3.3}% 23
\BOOKMARK [2][-]{subsection.3.3.3}{Liskov Substitution}{section.3.3}% 24
\BOOKMARK [2][-]{subsection.3.3.4}{Interface Segregation}{section.3.3}% 25
\BOOKMARK [2][-]{subsection.3.3.5}{Dependency Inversion}{section.3.3}% 26
\BOOKMARK [1][-]{section.3.4}{Parameterbeschreibung}{chapter.3}% 27
\BOOKMARK [2][-]{subsection.3.4.1}{Tau - }{section.3.4}% 28
\BOOKMARK [2][-]{subsection.3.4.2}{Eta - }{section.3.4}% 29
\BOOKMARK [2][-]{subsection.3.4.3}{Alpha - \040und Beta - }{section.3.4}% 30
\BOOKMARK [1][-]{section.3.5}{Sensitivit\344tsanalyse}{chapter.3}% 31
\BOOKMARK [2][-]{subsection.3.5.1}{ hoch - \040niedrig}{section.3.5}% 32
\BOOKMARK [2][-]{subsection.3.5.2}{ mittel - \040mittel}{section.3.5}% 33
\BOOKMARK [2][-]{subsection.3.5.3}{ niedrig - \040hoch}{section.3.5}% 34
\BOOKMARK [1][-]{section.3.6}{Ausgew\344hlte Algorithmen}{chapter.3}% 35
\BOOKMARK [2][-]{subsection.3.6.1}{Ant - iteration\(\)}{section.3.6}% 36
\BOOKMARK [2][-]{subsection.3.6.2}{Colony - killAnt\(\)}{section.3.6}% 37
\BOOKMARK [2][-]{subsection.3.6.3}{Colony - updatePheromone\(\)}{section.3.6}% 38
\BOOKMARK [0][-]{chapter.4}{Implementierung}{}% 39
\BOOKMARK [1][-]{section.4.1}{Beschreibung der Implementierung}{chapter.4}% 40
\BOOKMARK [2][-]{subsection.4.1.1}{Klassendiagramm}{section.4.1}% 41
\BOOKMARK [2][-]{subsection.4.1.2}{Persistenz}{section.4.1}% 42
\BOOKMARK [2][-]{subsection.4.1.3}{Applikation}{section.4.1}% 43
\BOOKMARK [2][-]{subsection.4.1.4}{TSP}{section.4.1}% 44
\BOOKMARK [2][-]{subsection.4.1.5}{ACO}{section.4.1}% 45
\BOOKMARK [1][-]{section.4.2}{Beschreibung der verwendeten Datenstrukturen}{chapter.4}% 46
\BOOKMARK [2][-]{subsection.4.2.1}{ArrayList}{section.4.2}% 47
\BOOKMARK [2][-]{subsection.4.2.2}{HashMap vs zweidimensionales Array}{section.4.2}% 48
\BOOKMARK [1][-]{section.4.3}{Beschreibung der verwendeten Testf\344lle}{chapter.4}% 49
\BOOKMARK [1][-]{section.4.4}{Beweis der Funktionsf\344higkeit}{chapter.4}% 50
\BOOKMARK [2][-]{subsection.4.4.1}{numerisches Beispiel}{section.4.4}% 51
\BOOKMARK [2][-]{subsection.4.4.2}{a280 drilling problem}{section.4.4}% 52
\BOOKMARK [1][-]{section.4.5}{Vergleich der Auswirkung der Parametergewichtung}{chapter.4}% 53
\BOOKMARK [1][-]{section.4.6}{Performance-Analyse und -Optimierung}{chapter.4}% 54
\BOOKMARK [2][-]{subsection.4.6.1}{CPU-Auslastung}{section.4.6}% 55
\BOOKMARK [2][-]{subsection.4.6.2}{Heap-Nutzung}{section.4.6}% 56
\BOOKMARK [2][-]{subsection.4.6.3}{Anzahl Threads pro Minute}{section.4.6}% 57
\BOOKMARK [2][-]{subsection.4.6.4}{Fazit zur Performance}{section.4.6}% 58
\BOOKMARK [0][-]{chapter.5}{Proof Of Concept}{}% 59
\BOOKMARK [0][-]{chapter.6}{Fazit}{}% 60
\BOOKMARK [0][-]{section*.37}{Literaturverzeichnis}{}% 61
\BOOKMARK [0][-]{chapter*.38}{Anhang}{}% 62
